{"C:\\Users\\Sandy\\Desktop\\Assessment\\tvshowapp\\src\\App.vue": {"path":"C:\\Users\\Sandy\\Desktop\\Assessment\\tvshowapp\\src\\App.vue","statementMap":{"0":{"start":{"line":1,"column":1},"end":{"line":29,"column":4}},"1":{"start":{"line":4,"column":29},"end":{"line":4,"column":141}},"2":{"start":{"line":6,"column":0},"end":{"line":8,"column":3}},"3":{"start":{"line":9,"column":0},"end":{"line":9,"column":25}},"4":{"start":{"line":11,"column":14},"end":{"line":11,"column":72}},"5":{"start":{"line":22,"column":15},"end":{"line":27,"column":1}},"6":{"start":{"line":28,"column":0},"end":{"line":28,"column":27}},"7":{"start":{"line":30,"column":20},"end":{"line":30,"column":89}},"8":{"start":{"line":30,"column":114},"end":{"line":30,"column":187}},"9":{"start":{"line":31,"column":0},"end":{"line":31,"column":233}},"10":{"start":{"line":31,"column":54},"end":{"line":31,"column":58}},"11":{"start":{"line":31,"column":66},"end":{"line":31,"column":84}},"12":{"start":{"line":31,"column":92},"end":{"line":31,"column":108}},"13":{"start":{"line":31,"column":109},"end":{"line":31,"column":232}},"14":{"start":{"line":32,"column":0},"end":{"line":32,"column":37}}},"fnMap":{"0":{"name":"(anonymous_0)","decl":{"start":{"line":1,"column":2},"end":{"line":1,"column":3}},"loc":{"start":{"line":1,"column":12},"end":{"line":29,"column":1}},"line":1},"1":{"name":"render","decl":{"start":{"line":31,"column":35},"end":{"line":31,"column":41}},"loc":{"start":{"line":31,"column":45},"end":{"line":31,"column":233}},"line":31}},"branchMap":{"0":{"loc":{"start":{"line":30,"column":20},"end":{"line":30,"column":89}},"type":"cond-expr","locations":[{"start":{"line":30,"column":50},"end":{"line":30,"column":72}},{"start":{"line":30,"column":75},"end":{"line":30,"column":89}}],"line":30},"1":{"loc":{"start":{"line":30,"column":114},"end":{"line":30,"column":187}},"type":"cond-expr","locations":[{"start":{"line":30,"column":151},"end":{"line":30,"column":172}},{"start":{"line":30,"column":174},"end":{"line":30,"column":187}}],"line":30},"2":{"loc":{"start":{"line":31,"column":92},"end":{"line":31,"column":108}},"type":"binary-expr","locations":[{"start":{"line":31,"column":92},"end":{"line":31,"column":104}},{"start":{"line":31,"column":106},"end":{"line":31,"column":108}}],"line":31}},"s":{"0":1,"1":1,"2":1,"3":1,"4":1,"5":1,"6":1,"7":1,"8":1,"9":1,"10":3,"11":3,"12":3,"13":3,"14":1},"f":{"0":1,"1":3},"b":{"0":[1,0],"1":[0,1],"2":[3,0]},"_coverageSchema":"43e27e138ebf9cfc5966b082cf9a028302ed4184","hash":"c98a607e64cb64a987bd8e8be330958156c484a5"}
,"C:\\Users\\Sandy\\Desktop\\Assessment\\tvshowapp\\src\\components\\Search.vue": {"path":"C:\\Users\\Sandy\\Desktop\\Assessment\\tvshowapp\\src\\components\\Search.vue","statementMap":{"0":{"start":{"line":21,"column":0},"end":{"line":21,"column":null}},"1":{"start":{"line":24,"column":0},"end":{"line":24,"column":null}},"2":{"start":{"line":32,"column":0},"end":{"line":32,"column":null}},"3":{"start":{"line":33,"column":0},"end":{"line":33,"column":null}},"4":{"start":{"line":34,"column":0},"end":{"line":34,"column":null}}},"fnMap":{"0":{"name":"(anonymous_1)","decl":{"start":{"line":23,"column":0},"end":{"line":23,"column":null}},"loc":{"start":{"line":23,"column":0},"end":{"line":27,"column":null}}},"1":{"name":"(anonymous_2)","decl":{"start":{"line":31,"column":0},"end":{"line":31,"column":null}},"loc":{"start":{"line":31,"column":0},"end":{"line":35,"column":null}}}},"branchMap":{},"s":{"0":2,"1":2,"2":1,"3":1,"4":1},"f":{"0":2,"1":1},"b":{}}
,"C:\\Users\\Sandy\\Desktop\\Assessment\\tvshowapp\\src\\store\\index.js": {"path":"C:\\Users\\Sandy\\Desktop\\Assessment\\tvshowapp\\src\\store\\index.js","statementMap":{"0":{"start":{"line":6,"column":0},"end":{"line":6,"column":14}}},"fnMap":{},"branchMap":{},"s":{"0":1},"f":{},"b":{},"_coverageSchema":"43e27e138ebf9cfc5966b082cf9a028302ed4184","hash":"ad82950334b83050ead6dcff2231e7f6d4668e22"}
,"C:\\Users\\Sandy\\Desktop\\Assessment\\tvshowapp\\src\\store\\modules\\shows.js": {"path":"C:\\Users\\Sandy\\Desktop\\Assessment\\tvshowapp\\src\\store\\modules\\shows.js","statementMap":{"0":{"start":{"line":3,"column":12},"end":{"line":3,"column":35}},"1":{"start":{"line":5,"column":14},"end":{"line":12,"column":1}},"2":{"start":{"line":14,"column":16},"end":{"line":46,"column":1}},"3":{"start":{"line":15,"column":25},"end":{"line":15,"column":36}},"4":{"start":{"line":16,"column":24},"end":{"line":16,"column":37}},"5":{"start":{"line":17,"column":28},"end":{"line":17,"column":38}},"6":{"start":{"line":19,"column":19},"end":{"line":19,"column":45}},"7":{"start":{"line":20,"column":4},"end":{"line":20,"column":68}},"8":{"start":{"line":20,"column":31},"end":{"line":20,"column":66}},"9":{"start":{"line":23,"column":21},"end":{"line":23,"column":42}},"10":{"start":{"line":24,"column":23},"end":{"line":31,"column":11}},"11":{"start":{"line":32,"column":20},"end":{"line":32,"column":44}},"12":{"start":{"line":33,"column":8},"end":{"line":39,"column":11}},"13":{"start":{"line":34,"column":12},"end":{"line":38,"column":15}},"14":{"start":{"line":35,"column":16},"end":{"line":37,"column":17}},"15":{"start":{"line":36,"column":20},"end":{"line":36,"column":40}},"16":{"start":{"line":41,"column":8},"end":{"line":41,"column":21}},"17":{"start":{"line":43,"column":27},"end":{"line":43,"column":39}},"18":{"start":{"line":44,"column":25},"end":{"line":44,"column":35}},"19":{"start":{"line":45,"column":25},"end":{"line":45,"column":35}},"20":{"start":{"line":48,"column":16},"end":{"line":81,"column":1}},"21":{"start":{"line":50,"column":8},"end":{"line":50,"column":28}},"22":{"start":{"line":52,"column":20},"end":{"line":52,"column":51}},"23":{"start":{"line":53,"column":28},"end":{"line":53,"column":50}},"24":{"start":{"line":55,"column":8},"end":{"line":55,"column":42}},"25":{"start":{"line":56,"column":8},"end":{"line":56,"column":30}},"26":{"start":{"line":60,"column":8},"end":{"line":60,"column":29}},"27":{"start":{"line":62,"column":20},"end":{"line":62,"column":68}},"28":{"start":{"line":63,"column":16},"end":{"line":63,"column":18}},"29":{"start":{"line":64,"column":8},"end":{"line":66,"column":9}},"30":{"start":{"line":64,"column":18},"end":{"line":64,"column":19}},"31":{"start":{"line":65,"column":12},"end":{"line":65,"column":39}},"32":{"start":{"line":68,"column":8},"end":{"line":68,"column":36}},"33":{"start":{"line":69,"column":8},"end":{"line":69,"column":30}},"34":{"start":{"line":74,"column":8},"end":{"line":74,"column":29}},"35":{"start":{"line":76,"column":20},"end":{"line":76,"column":115}},"36":{"start":{"line":78,"column":8},"end":{"line":78,"column":38}},"37":{"start":{"line":79,"column":8},"end":{"line":79,"column":30}},"38":{"start":{"line":83,"column":18},"end":{"line":92,"column":5}},"39":{"start":{"line":84,"column":36},"end":{"line":84,"column":55}},"40":{"start":{"line":85,"column":36},"end":{"line":85,"column":55}},"41":{"start":{"line":87,"column":8},"end":{"line":87,"column":26}},"42":{"start":{"line":88,"column":8},"end":{"line":88,"column":45}},"43":{"start":{"line":89,"column":8},"end":{"line":89,"column":41}},"44":{"start":{"line":90,"column":8},"end":{"line":90,"column":41}}},"fnMap":{"0":{"name":"(anonymous_0)","decl":{"start":{"line":15,"column":14},"end":{"line":15,"column":15}},"loc":{"start":{"line":15,"column":25},"end":{"line":15,"column":36}},"line":15},"1":{"name":"(anonymous_1)","decl":{"start":{"line":16,"column":13},"end":{"line":16,"column":14}},"loc":{"start":{"line":16,"column":24},"end":{"line":16,"column":37}},"line":16},"2":{"name":"(anonymous_2)","decl":{"start":{"line":17,"column":17},"end":{"line":17,"column":18}},"loc":{"start":{"line":17,"column":28},"end":{"line":17,"column":38}},"line":17},"3":{"name":"(anonymous_3)","decl":{"start":{"line":18,"column":19},"end":{"line":18,"column":20}},"loc":{"start":{"line":18,"column":30},"end":{"line":21,"column":5}},"line":18},"4":{"name":"(anonymous_4)","decl":{"start":{"line":20,"column":21},"end":{"line":20,"column":22}},"loc":{"start":{"line":20,"column":31},"end":{"line":20,"column":66}},"line":20},"5":{"name":"(anonymous_5)","decl":{"start":{"line":22,"column":20},"end":{"line":22,"column":21}},"loc":{"start":{"line":22,"column":39},"end":{"line":42,"column":5}},"line":22},"6":{"name":"(anonymous_6)","decl":{"start":{"line":33,"column":25},"end":{"line":33,"column":26}},"loc":{"start":{"line":33,"column":39},"end":{"line":39,"column":9}},"line":33},"7":{"name":"(anonymous_7)","decl":{"start":{"line":34,"column":27},"end":{"line":34,"column":28}},"loc":{"start":{"line":34,"column":35},"end":{"line":38,"column":13}},"line":34},"8":{"name":"(anonymous_8)","decl":{"start":{"line":43,"column":16},"end":{"line":43,"column":17}},"loc":{"start":{"line":43,"column":27},"end":{"line":43,"column":39}},"line":43},"9":{"name":"(anonymous_9)","decl":{"start":{"line":44,"column":14},"end":{"line":44,"column":15}},"loc":{"start":{"line":44,"column":25},"end":{"line":44,"column":35}},"line":44},"10":{"name":"(anonymous_10)","decl":{"start":{"line":45,"column":14},"end":{"line":45,"column":15}},"loc":{"start":{"line":45,"column":25},"end":{"line":45,"column":35}},"line":45},"11":{"name":"(anonymous_11)","decl":{"start":{"line":49,"column":4},"end":{"line":49,"column":5}},"loc":{"start":{"line":49,"column":33},"end":{"line":57,"column":5}},"line":49},"12":{"name":"(anonymous_12)","decl":{"start":{"line":59,"column":4},"end":{"line":59,"column":5}},"loc":{"start":{"line":59,"column":38},"end":{"line":70,"column":5}},"line":59},"13":{"name":"(anonymous_13)","decl":{"start":{"line":73,"column":4},"end":{"line":73,"column":5}},"loc":{"start":{"line":73,"column":32},"end":{"line":80,"column":5}},"line":73},"14":{"name":"(anonymous_14)","decl":{"start":{"line":84,"column":17},"end":{"line":84,"column":18}},"loc":{"start":{"line":84,"column":36},"end":{"line":84,"column":55}},"line":84},"15":{"name":"(anonymous_15)","decl":{"start":{"line":85,"column":18},"end":{"line":85,"column":19}},"loc":{"start":{"line":85,"column":36},"end":{"line":85,"column":55}},"line":85},"16":{"name":"(anonymous_16)","decl":{"start":{"line":86,"column":15},"end":{"line":86,"column":16}},"loc":{"start":{"line":86,"column":31},"end":{"line":91,"column":1}},"line":86}},"branchMap":{"0":{"loc":{"start":{"line":35,"column":16},"end":{"line":37,"column":17}},"type":"if","locations":[{"start":{"line":35,"column":16},"end":{"line":37,"column":17}},{"start":{"line":35,"column":16},"end":{"line":37,"column":17}}],"line":35}},"s":{"0":2,"1":2,"2":2,"3":1,"4":1,"5":1,"6":1,"7":1,"8":0,"9":0,"10":0,"11":0,"12":0,"13":0,"14":0,"15":0,"16":0,"17":0,"18":0,"19":0,"20":2,"21":0,"22":0,"23":0,"24":0,"25":0,"26":0,"27":0,"28":0,"29":0,"30":0,"31":0,"32":0,"33":0,"34":0,"35":0,"36":0,"37":0,"38":2,"39":1,"40":1,"41":1,"42":1,"43":1,"44":1},"f":{"0":1,"1":1,"2":1,"3":1,"4":0,"5":0,"6":0,"7":0,"8":0,"9":0,"10":0,"11":0,"12":0,"13":0,"14":1,"15":1,"16":1},"b":{"0":[0,0]},"_coverageSchema":"43e27e138ebf9cfc5966b082cf9a028302ed4184","hash":"f101460aca54cb04712e03be98f761f3b5cf1681"}
,"C:\\Users\\Sandy\\Desktop\\Assessment\\tvshowapp\\src\\views\\Shows.vue": {"path":"C:\\Users\\Sandy\\Desktop\\Assessment\\tvshowapp\\src\\views\\Shows.vue","statementMap":{"0":{"start":{"line":32,"column":0},"end":{"line":32,"column":null}},"1":{"start":{"line":33,"column":0},"end":{"line":33,"column":null}},"2":{"start":{"line":34,"column":0},"end":{"line":34,"column":null}},"3":{"start":{"line":35,"column":0},"end":{"line":35,"column":null}},"4":{"start":{"line":38,"column":0},"end":{"line":38,"column":null}},"5":{"start":{"line":49,"column":0},"end":{"line":49,"column":null}}},"fnMap":{"0":{"name":"(anonymous_1)","decl":{"start":{"line":37,"column":0},"end":{"line":37,"column":null}},"loc":{"start":{"line":37,"column":0},"end":{"line":41,"column":null}}},"1":{"name":"(anonymous_2)","decl":{"start":{"line":48,"column":0},"end":{"line":48,"column":null}},"loc":{"start":{"line":48,"column":0},"end":{"line":51,"column":null}}}},"branchMap":{},"s":{"0":1,"1":1,"2":1,"3":1,"4":3,"5":3},"f":{"0":3,"1":3},"b":{}}
}
