TN:
SF:C:\Users\Sandy\Desktop\Assessment\tvshowapp\src\App.vue
FN:1,(anonymous_0)
FN:31,render
FNF:2
FNH:2
FNDA:1,(anonymous_0)
FNDA:3,render
DA:1,1
DA:4,1
DA:6,1
DA:9,1
DA:11,1
DA:22,1
DA:28,1
DA:30,1
DA:31,3
DA:32,1
LF:10
LH:10
BRDA:30,0,0,1
BRDA:30,0,1,0
BRDA:30,1,0,0
BRDA:30,1,1,1
BRDA:31,2,0,3
BRDA:31,2,1,0
BRF:6
BRH:3
end_of_record
TN:
SF:C:\Users\Sandy\Desktop\Assessment\tvshowapp\src\components\Search.vue
FN:23,(anonymous_1)
FN:31,(anonymous_2)
FNF:2
FNH:2
FNDA:2,(anonymous_1)
FNDA:1,(anonymous_2)
DA:21,2
DA:24,2
DA:32,1
DA:33,1
DA:34,1
LF:5
LH:5
BRF:0
BRH:0
end_of_record
TN:
SF:C:\Users\Sandy\Desktop\Assessment\tvshowapp\src\store\index.js
FNF:0
FNH:0
DA:6,1
LF:1
LH:1
BRF:0
BRH:0
end_of_record
TN:
SF:C:\Users\Sandy\Desktop\Assessment\tvshowapp\src\store\modules\shows.js
FN:15,(anonymous_0)
FN:16,(anonymous_1)
FN:17,(anonymous_2)
FN:18,(anonymous_3)
FN:20,(anonymous_4)
FN:22,(anonymous_5)
FN:33,(anonymous_6)
FN:34,(anonymous_7)
FN:43,(anonymous_8)
FN:44,(anonymous_9)
FN:45,(anonymous_10)
FN:49,(anonymous_11)
FN:59,(anonymous_12)
FN:73,(anonymous_13)
FN:84,(anonymous_14)
FN:85,(anonymous_15)
FN:86,(anonymous_16)
FNF:17
FNH:7
FNDA:1,(anonymous_0)
FNDA:1,(anonymous_1)
FNDA:1,(anonymous_2)
FNDA:1,(anonymous_3)
FNDA:0,(anonymous_4)
FNDA:0,(anonymous_5)
FNDA:0,(anonymous_6)
FNDA:0,(anonymous_7)
FNDA:0,(anonymous_8)
FNDA:0,(anonymous_9)
FNDA:0,(anonymous_10)
FNDA:0,(anonymous_11)
FNDA:0,(anonymous_12)
FNDA:0,(anonymous_13)
FNDA:1,(anonymous_14)
FNDA:1,(anonymous_15)
FNDA:1,(anonymous_16)
DA:3,2
DA:5,2
DA:14,2
DA:15,1
DA:16,1
DA:17,1
DA:19,1
DA:20,1
DA:23,0
DA:24,0
DA:32,0
DA:33,0
DA:34,0
DA:35,0
DA:36,0
DA:41,0
DA:43,0
DA:44,0
DA:45,0
DA:48,2
DA:50,0
DA:52,0
DA:53,0
DA:55,0
DA:56,0
DA:60,0
DA:62,0
DA:63,0
DA:64,0
DA:65,0
DA:68,0
DA:69,0
DA:74,0
DA:76,0
DA:78,0
DA:79,0
DA:83,2
DA:84,1
DA:85,1
DA:87,1
DA:88,1
DA:89,1
DA:90,1
LF:43
LH:16
BRDA:35,0,0,0
BRDA:35,0,1,0
BRF:2
BRH:0
end_of_record
TN:
SF:C:\Users\Sandy\Desktop\Assessment\tvshowapp\src\views\Shows.vue
FN:37,(anonymous_1)
FN:48,(anonymous_2)
FNF:2
FNH:2
FNDA:3,(anonymous_1)
FNDA:3,(anonymous_2)
DA:32,1
DA:33,1
DA:34,1
DA:35,1
DA:38,3
DA:49,3
LF:6
LH:6
BRF:0
BRH:0
end_of_record
